<?xml version="1.0" encoding="UTF-8"?>
<persistence version="2.1" xmlns="http://xmlns.jcp.org/xml/ns/persistence" xmlns:xsi="http://www.w3.org/2001/XMLSchema-instance" xsi:schemaLocation="http://xmlns.jcp.org/xml/ns/persistence http://xmlns.jcp.org/xml/ns/persistence/persistence_2_1.xsd">
  <persistence-unit name="mewap_test_pu" transaction-type="JTA">
    <jta-data-source>jdbc/mewap</jta-data-source>
    <class>com.denbestegrupp.mewap.model.MWEvent</class>
    <class>com.denbestegrupp.mewap.model.MWAnswer</class>
    <exclude-unlisted-classes>true</exclude-unlisted-classes>
    <properties>
      <property name="javax.persistence.schema-generation.database.action" value="create"/>
      <property name="eclipselink.ddl-generation" value="drop-and-create-tables"/>
      <property name="eclipselink.logging.level.sql" value="FINE"/>
      <property name="eclipselink.logging.parameters" value="true"/>
    </properties>
  </persistence-unit>
</persistence>
